squash4: xzio gzio lzopio fshelp
search_fs_uuid:
lssal:
date: datetime normal
bfs:
gcry_twofish: crypto
cpio_be: archelp
priority_queue:
gcry_rijndael: crypto
echo: extcmd
cpio: archelp
xzio: crypto
part_sun:
hfspluscomp: gzio hfsplus
gcry_sha512: crypto
gcry_cast5: crypto
efi_gop: video video_fb
boot:
setjmp_test: setjmp functional_test
odc: archelp
ls: extcmd normal
gzio:
video:
test_blockarg: extcmd normal
gfxterm: video font
gcry_tiger: crypto
gcry_serpent: crypto
macbless: disk
gcry_blowfish: crypto
trig:
extcmd:
videoinfo: video
testspeed: extcmd normal
minix:
xnu_uuid: gcry_md5
reboot:
help: extcmd normal
part_msdos:
http: net
gcry_rsa: mpi verify
blocklist:
probe: extcmd
pbkdf2: crypto
lsefisystab:
gcry_rfc2268: crypto
ufs1_be:
gcry_camellia: crypto
fat:
exfctest: functional_test
parttool: normal
lzopio: crypto
linux: boot fdt
gcry_md4: crypto
zfsinfo: zfs
gcry_md5: crypto
fshelp:
datetime:
bitmap_scale: bitmap
syslinuxcfg: extcmd normal
net: priority_queue boot datetime bufio
gcry_des: crypto
div_test: functional_test
time:
reiserfs: fshelp
dm_nv: diskfilter
datehook: datetime normal
mdraid09_be: diskfilter
kernel:
part_plan:
gcry_seed: crypto
minix_be:
fdt:
crypto:
video_colors:
test:
terminal:
part_dvh:
lsacpi: extcmd acpi
jpeg: bufio bitmap
memdisk:
gfxmenu: video gfxterm trig bitmap_scale video_colors bitmap normal font
cmp:
acpi: extcmd mmap
xfs: fshelp
elf:
affs: fshelp
videotest: video gfxmenu font
tr: extcmd
testload:
gfxterm_menu: video_fb functional_test procfs normal font
cbfs: archelp
adler32: crypto
progress: normal
password: crypto normal
part_sunpc:
video_fb:
tftp: priority_queue net
sleep: extcmd normal
serial: extcmd terminfo
search_fs_file:
gcry_sha256: crypto
gcry_rmd160: crypto
exfat:
search: search_fs_uuid extcmd search_fs_file search_label
mdraid09: diskfilter
chain: boot net efinet
mpi: crypto
memrw: extcmd
password_pbkdf2: gcry_sha512 pbkdf2 crypto normal
mdraid1x: diskfilter
gcry_crc: crypto
configfile: normal
zfscrypt: gcry_rijndael extcmd pbkdf2 crypto zfs gcry_sha1
signature_test: functional_test procfs
raid5rec: diskfilter
gcry_arcfour: crypto
part_dfly:
minix2_be:
gettext:
pbkdf2_test: pbkdf2 gcry_sha1 functional_test
hello: extcmd
hashsum: extcmd crypto normal
xnu_uuid_test: functional_test
regexp: extcmd normal
part_gpt:
gptsync: disk
zfs: gzio
part_apple:
bufio:
btrfs: gzio lzopio
bitmap:
true:
terminfo: extcmd
romfs: fshelp
ntfscomp: ntfs
lsefi:
hfs:
gcry_dsa: mpi verify
cmdline_cat_test: video_fb functional_test procfs normal font
ufs1:
offsetio:
setjmp:
ufs2:
nilfs2: fshelp
lsmmap: mmap
gcry_sha1: crypto
mmap:
tar: archelp
png: bufio bitmap
hfsplus: fshelp
tga: bufio bitmap
minix2:
scsi:
minix3:
lvm: diskfilter
functional_test: video extcmd video_fb btrfs
eval: normal
iso9660: fshelp
crc64: crypto
udf: fshelp
search_label:
raid6rec: diskfilter
msdospart: parttool disk
archelp:
procfs:
minix3_be:
halt:
read:
keystatus: extcmd
cryptodisk: extcmd crypto procfs
normal: boot extcmd crypto terminal gettext
lsefimmap:
geli: gcry_sha512 pbkdf2 crypto gcry_sha256 cryptodisk
gcry_idea: crypto
verify: extcmd crypto mpi gcry_sha1
sfs: fshelp
part_amiga:
luks: pbkdf2 crypto cryptodisk
loopback: extcmd
jfs:
gfxterm_background: gfxterm video extcmd bitmap_scale video_colors bitmap
efifwsetup: reboot
part_acorn:
newc: archelp
macho:
cat: extcmd
afs:
sleep_test: datetime functional_test
ldm: part_msdos part_gpt diskfilter
hexdump: extcmd
efinet: net
disk:
minicmd:
loadenv: extcmd disk
gcry_whirlpool: crypto
part_bsd: part_msdos
font: video bufio
ext2: fshelp
diskfilter:
videotest_checksum: video_fb functional_test font
file: extcmd elf offsetio macho
ntfs: fshelp
all_video: efi_gop
